<?xml version='1.0' encoding='utf-8'?>
<coverage lines-valid="55" lines-covered="55" line-rate="1.0" timestamp="1763230077" version="synthetic-localci"><packages><package name="tests" line-rate="1.0" branch-rate="0.0"><classes><class name="tests/ConfigSchema.Tests.ps1" filename="tests/ConfigSchema.Tests.ps1" line-rate="1.0" branch-rate="0.0"><lines><line number="1" hits="1" branch="false" /></lines></class><class name="tests/EmulatedScenario.Tests.ps1" filename="tests/EmulatedScenario.Tests.ps1" line-rate="1.0" branch-rate="0.0"><lines><line number="1" hits="1" branch="false" /></lines></class><class name="tests/MipScenarioHelpers.Tests.ps1" filename="tests/MipScenarioHelpers.Tests.ps1" line-rate="1.0" branch-rate="0.0"><lines><line number="1" hits="1" branch="false" /></lines></class><class name="tests/Modules/CompareVI.Tools.Tests.ps1" filename="tests/Modules/CompareVI.Tools.Tests.ps1" line-rate="1.0" branch-rate="0.0"><lines><line number="1" hits="1" branch="false" /></lines></class><class name="tests/Modules/Core.Tests.ps1" filename="tests/Modules/Core.Tests.ps1" line-rate="1.0" branch-rate="0.0"><lines><line number="1" hits="1" branch="false" /></lines></class><class name="tests/Modules/IconEditorPackage.Tests.ps1" filename="tests/Modules/IconEditorPackage.Tests.ps1" line-rate="1.0" branch-rate="0.0"><lines><line number="1" hits="1" branch="false" /></lines></class><class name="tests/Sanity.Tests.ps1" filename="tests/Sanity.Tests.ps1" line-rate="1.0" branch-rate="0.0"><lines><line number="1" hits="1" branch="false" /></lines></class><class name="tests/Scripts/AgentWait.Tests.ps1" filename="tests/Scripts/AgentWait.Tests.ps1" line-rate="1.0" branch-rate="0.0"><lines><line number="1" hits="1" branch="false" /></lines></class><class name="tests/Scripts/Build.Tests.ps1" filename="tests/Scripts/Build.Tests.ps1" line-rate="1.0" branch-rate="0.0"><lines><line number="1" hits="1" branch="false" /></lines></class><class name="tests/Scripts/DocsLinks.Tests.ps1" filename="tests/Scripts/DocsLinks.Tests.ps1" line-rate="1.0" branch-rate="0.0"><lines><line number="1" hits="1" branch="false" /></lines></class><class name="tests/Scripts/Packaging.Tests.ps1" filename="tests/Scripts/Packaging.Tests.ps1" line-rate="1.0" branch-rate="0.0"><lines><line number="1" hits="1" branch="false" /></lines></class><class name="tests/Scripts/Validate.Tests.ps1" filename="tests/Scripts/Validate.Tests.ps1" line-rate="1.0" branch-rate="0.0"><lines><line number="1" hits="1" branch="false" /></lines></class><class name="tests/Scripts/ViCompareCli.Tests.ps1" filename="tests/Scripts/ViCompareCli.Tests.ps1" line-rate="1.0" branch-rate="0.0"><lines><line number="1" hits="1" branch="false" /></lines></class><class name="tests/Scripts/WorkflowDrift.Tests.ps1" filename="tests/Scripts/WorkflowDrift.Tests.ps1" line-rate="1.0" branch-rate="0.0"><lines><line number="1" hits="1" branch="false" /></lines></class><class name="tests/VIAnalyzerFamilies.Tests.ps1" filename="tests/VIAnalyzerFamilies.Tests.ps1" line-rate="1.0" branch-rate="0.0"><lines><line number="1" hits="1" branch="false" /></lines></class><class name="tests/VIHistoryFamilies.Tests.ps1" filename="tests/VIHistoryFamilies.Tests.ps1" line-rate="1.0" branch-rate="0.0"><lines><line number="1" hits="1" branch="false" /></lines></class><class name="tests/_helpers/Import-ScriptFunctions.ps1" filename="tests/_helpers/Import-ScriptFunctions.ps1" line-rate="1.0" branch-rate="0.0"><lines><line number="1" hits="1" branch="false" /></lines></class><class name="tests/local-ci/ViChanges.Tests.ps1" filename="tests/local-ci/ViChanges.Tests.ps1" line-rate="1.0" branch-rate="0.0"><lines><line number="1" hits="1" branch="false" /></lines></class><class name="tests/sample.tests.ps1" filename="tests/sample.tests.ps1" line-rate="1.0" branch-rate="0.0"><lines><line number="1" hits="1" branch="false" /></lines></class><class name="tests/smoke/Smoke.Tests.ps1" filename="tests/smoke/Smoke.Tests.ps1" line-rate="1.0" branch-rate="0.0"><lines><line number="1" hits="1" branch="false" /></lines></class><class name="tests/tools/Collect-LvAddonLearningData.ps1" filename="tests/tools/Collect-LvAddonLearningData.ps1" line-rate="1.0" branch-rate="0.0"><lines><line number="1" hits="1" branch="false" /></lines></class><class name="tests/tools/DevModeCoverage.Tests.ps1" filename="tests/tools/DevModeCoverage.Tests.ps1" line-rate="1.0" branch-rate="0.0"><lines><line number="1" hits="1" branch="false" /></lines></class><class name="tests/tools/DevModeDependencies.Tests.ps1" filename="tests/tools/DevModeDependencies.Tests.ps1" line-rate="1.0" branch-rate="0.0"><lines><line number="1" hits="1" branch="false" /></lines></class><class name="tests/tools/DevModeFlakiness.Tests.ps1" filename="tests/tools/DevModeFlakiness.Tests.ps1" line-rate="1.0" branch-rate="0.0"><lines><line number="1" hits="1" branch="false" /></lines></class><class name="tests/tools/DevModeOutcomeAlignment.Tests.ps1" filename="tests/tools/DevModeOutcomeAlignment.Tests.ps1" line-rate="1.0" branch-rate="0.0"><lines><line number="1" hits="1" branch="false" /></lines></class><class name="tests/tools/DevModePolicySummary.Tests.ps1" filename="tests/tools/DevModePolicySummary.Tests.ps1" line-rate="1.0" branch-rate="0.0"><lines><line number="1" hits="1" branch="false" /></lines></class><class name="tests/tools/DevModeProviderChains.Tests.ps1" filename="tests/tools/DevModeProviderChains.Tests.ps1" line-rate="1.0" branch-rate="0.0"><lines><line number="1" hits="1" branch="false" /></lines></class><class name="tests/tools/DevModeProviderComparison.Tests.ps1" filename="tests/tools/DevModeProviderComparison.Tests.ps1" line-rate="1.0" branch-rate="0.0"><lines><line number="1" hits="1" branch="false" /></lines></class><class name="tests/tools/DevModeStageGraph.Tests.ps1" filename="tests/tools/DevModeStageGraph.Tests.ps1" line-rate="1.0" branch-rate="0.0"><lines><line number="1" hits="1" branch="false" /></lines></class><class name="tests/tools/DevModeStageTiming.Tests.ps1" filename="tests/tools/DevModeStageTiming.Tests.ps1" line-rate="1.0" branch-rate="0.0"><lines><line number="1" hits="1" branch="false" /></lines></class><class name="tests/tools/Find-VIHistoryAnomalies.ps1" filename="tests/tools/Find-VIHistoryAnomalies.ps1" line-rate="1.0" branch-rate="0.0"><lines><line number="1" hits="1" branch="false" /></lines></class><class name="tests/tools/LvAddonLearningLoop.Tests.ps1" filename="tests/tools/LvAddonLearningLoop.Tests.ps1" line-rate="1.0" branch-rate="0.0"><lines><line number="1" hits="1" branch="false" /></lines></class><class name="tests/tools/New-LvAddonLearningSnippet.ps1" filename="tests/tools/New-LvAddonLearningSnippet.ps1" line-rate="1.0" branch-rate="0.0"><lines><line number="1" hits="1" branch="false" /></lines></class><class name="tests/tools/Run-DevMode-Debug.ps1" filename="tests/tools/Run-DevMode-Debug.ps1" line-rate="1.0" branch-rate="0.0"><lines><line number="1" hits="1" branch="false" /></lines></class><class name="tests/tools/Run-EmulatedScenario.ps1" filename="tests/tools/Run-EmulatedScenario.ps1" line-rate="1.0" branch-rate="0.0"><lines><line number="1" hits="1" branch="false" /></lines></class><class name="tests/tools/Run-HandshakeSim.ps1" filename="tests/tools/Run-HandshakeSim.ps1" line-rate="1.0" branch-rate="0.0"><lines><line number="1" hits="1" branch="false" /></lines></class><class name="tests/tools/Run-LvAddonLearningLoop.ps1" filename="tests/tools/Run-LvAddonLearningLoop.ps1" line-rate="1.0" branch-rate="0.0"><lines><line number="1" hits="1" branch="false" /></lines></class><class name="tests/tools/Show-LastDevModeRun.ps1" filename="tests/tools/Show-LastDevModeRun.ps1" line-rate="1.0" branch-rate="0.0"><lines><line number="1" hits="1" branch="false" /></lines></class><class name="tests/tools/Show-LvAddonLearningSnippet.ps1" filename="tests/tools/Show-LvAddonLearningSnippet.ps1" line-rate="1.0" branch-rate="0.0"><lines><line number="1" hits="1" branch="false" /></lines></class><class name="tests/tools/Summarize-DevModeDependencies.ps1" filename="tests/tools/Summarize-DevModeDependencies.ps1" line-rate="1.0" branch-rate="0.0"><lines><line number="1" hits="1" branch="false" /></lines></class><class name="tests/tools/Summarize-DevModeOutcomeAlignment.ps1" filename="tests/tools/Summarize-DevModeOutcomeAlignment.ps1" line-rate="1.0" branch-rate="0.0"><lines><line number="1" hits="1" branch="false" /></lines></class><class name="tests/tools/Summarize-DevModePolicies.ps1" filename="tests/tools/Summarize-DevModePolicies.ps1" line-rate="1.0" branch-rate="0.0"><lines><line number="1" hits="1" branch="false" /></lines></class><class name="tests/tools/Summarize-DevModeProviderChains.ps1" filename="tests/tools/Summarize-DevModeProviderChains.ps1" line-rate="1.0" branch-rate="0.0"><lines><line number="1" hits="1" branch="false" /></lines></class><class name="tests/tools/Summarize-DevModeProviders.ps1" filename="tests/tools/Summarize-DevModeProviders.ps1" line-rate="1.0" branch-rate="0.0"><lines><line number="1" hits="1" branch="false" /></lines></class><class name="tests/tools/Summarize-DevModeStageGraph.ps1" filename="tests/tools/Summarize-DevModeStageGraph.ps1" line-rate="1.0" branch-rate="0.0"><lines><line number="1" hits="1" branch="false" /></lines></class><class name="tests/tools/Summarize-DevModeStages.ps1" filename="tests/tools/Summarize-DevModeStages.ps1" line-rate="1.0" branch-rate="0.0"><lines><line number="1" hits="1" branch="false" /></lines></class><class name="tests/tools/Summarize-LabviewDevmodeCoverage.ps1" filename="tests/tools/Summarize-LabviewDevmodeCoverage.ps1" line-rate="1.0" branch-rate="0.0"><lines><line number="1" hits="1" branch="false" /></lines></class><class name="tests/tools/Summarize-LabviewDevmodeFlakiness.ps1" filename="tests/tools/Summarize-LabviewDevmodeFlakiness.ps1" line-rate="1.0" branch-rate="0.0"><lines><line number="1" hits="1" branch="false" /></lines></class><class name="tests/tools/Summarize-LabviewDevmodeLogs.ps1" filename="tests/tools/Summarize-LabviewDevmodeLogs.ps1" line-rate="1.0" branch-rate="0.0"><lines><line number="1" hits="1" branch="false" /></lines></class><class name="tests/tools/Summarize-VIAnalyzerFamilies.ps1" filename="tests/tools/Summarize-VIAnalyzerFamilies.ps1" line-rate="1.0" branch-rate="0.0"><lines><line number="1" hits="1" branch="false" /></lines></class><class name="tests/tools/Summarize-VIHistoryFamilies.ps1" filename="tests/tools/Summarize-VIHistoryFamilies.ps1" line-rate="1.0" branch-rate="0.0"><lines><line number="1" hits="1" branch="false" /></lines></class><class name="tests/tools/Summarize-VIHistoryRuns.ps1" filename="tests/tools/Summarize-VIHistoryRuns.ps1" line-rate="1.0" branch-rate="0.0"><lines><line number="1" hits="1" branch="false" /></lines></class><class name="tests/tools/Summarize-VipmInstallLogs.ps1" filename="tests/tools/Summarize-VipmInstallLogs.ps1" line-rate="1.0" branch-rate="0.0"><lines><line number="1" hits="1" branch="false" /></lines></class><class name="tests/tools/Verify-DevModeLog.Tests.ps1" filename="tests/tools/Verify-DevModeLog.Tests.ps1" line-rate="1.0" branch-rate="0.0"><lines><line number="1" hits="1" branch="false" /></lines></class><class name="tests/tools/Verify-DevModeLog.ps1" filename="tests/tools/Verify-DevModeLog.ps1" line-rate="1.0" branch-rate="0.0"><lines><line number="1" hits="1" branch="false" /></lines></class></classes></package></packages></coverage>