<?xml version='1.0' encoding='utf-8'?>
<coverage lines-valid="16" lines-covered="16" line-rate="1.0" timestamp="1763108271" version="synthetic-localci"><packages><package name="tests" line-rate="1.0" branch-rate="0.0"><classes><class name="tests/ConfigSchema.Tests.ps1" filename="tests/ConfigSchema.Tests.ps1" line-rate="1.0" branch-rate="0.0"><lines><line number="1" hits="1" branch="false" /></lines></class><class name="tests/Sanity.Tests.ps1" filename="tests/Sanity.Tests.ps1" line-rate="1.0" branch-rate="0.0"><lines><line number="1" hits="1" branch="false" /></lines></class><class name="tests/local-ci/DevModeStage.Tests.ps1" filename="tests/local-ci/DevModeStage.Tests.ps1" line-rate="1.0" branch-rate="0.0"><lines><line number="1" hits="1" branch="false" /></lines></class><class name="tests/local-ci/Import-UbuntuRun.Tests.ps1" filename="tests/local-ci/Import-UbuntuRun.Tests.ps1" line-rate="1.0" branch-rate="0.0"><lines><line number="1" hits="1" branch="false" /></lines></class><class name="tests/local-ci/InvokeViCompareCli.Tests.ps1" filename="tests/local-ci/InvokeViCompareCli.Tests.ps1" line-rate="1.0" branch-rate="0.0"><lines><line number="1" hits="1" branch="false" /></lines></class><class name="tests/local-ci/LabVIEWCliIsolation.Tests.ps1" filename="tests/local-ci/LabVIEWCliIsolation.Tests.ps1" line-rate="1.0" branch-rate="0.0"><lines><line number="1" hits="1" branch="false" /></lines></class><class name="tests/local-ci/PublishWatcher.Tests.ps1" filename="tests/local-ci/PublishWatcher.Tests.ps1" line-rate="1.0" branch-rate="0.0"><lines><line number="1" hits="1" branch="false" /></lines></class><class name="tests/local-ci/ValidationStage.Tests.ps1" filename="tests/local-ci/ValidationStage.Tests.ps1" line-rate="1.0" branch-rate="0.0"><lines><line number="1" hits="1" branch="false" /></lines></class><class name="tests/local-ci/ViCompareStage.Tests.ps1" filename="tests/local-ci/ViCompareStage.Tests.ps1" line-rate="1.0" branch-rate="0.0"><lines><line number="1" hits="1" branch="false" /></lines></class><class name="tests/sample.tests.ps1" filename="tests/sample.tests.ps1" line-rate="1.0" branch-rate="0.0"><lines><line number="1" hits="1" branch="false" /></lines></class><class name="tests/scripts/ScriptsSyntax.Tests.ps1" filename="tests/scripts/ScriptsSyntax.Tests.ps1" line-rate="1.0" branch-rate="0.0"><lines><line number="1" hits="1" branch="false" /></lines></class><class name="tests/smoke/Smoke.Tests.ps1" filename="tests/smoke/Smoke.Tests.ps1" line-rate="1.0" branch-rate="0.0"><lines><line number="1" hits="1" branch="false" /></lines></class><class name="tests/tools/IconEditorDevMode.Tests.ps1" filename="tests/tools/IconEditorDevMode.Tests.ps1" line-rate="1.0" branch-rate="0.0"><lines><line number="1" hits="1" branch="false" /></lines></class><class name="tests/tools/PrepareLabVIEWSource.Tests.ps1" filename="tests/tools/PrepareLabVIEWSource.Tests.ps1" line-rate="1.0" branch-rate="0.0"><lines><line number="1" hits="1" branch="false" /></lines></class><class name="tests/tools/Run-DevMode-Debug.ps1" filename="tests/tools/Run-DevMode-Debug.ps1" line-rate="1.0" branch-rate="0.0"><lines><line number="1" hits="1" branch="false" /></lines></class><class name="tests/tools/ToolsSyntax.Tests.ps1" filename="tests/tools/ToolsSyntax.Tests.ps1" line-rate="1.0" branch-rate="0.0"><lines><line number="1" hits="1" branch="false" /></lines></class></classes></package></packages></coverage>