<?xml version="1.0" encoding="utf-8" standalone="no"?>
<testsuites xmlns:xsi="http://www.w3.org/2001/XMLSchema-instance" xsi:noNamespaceSchemaLocation="junit_schema_4.xsd" name="Pester" tests="52" errors="0" failures="1" disabled="30" time="3.739">
  <testsuite name="/mnt/c/codex/home/runner/work/icon-editor-lab/tests/ConfigSchema.Tests.ps1" tests="4" errors="0" failures="0" hostname="USAUSLT-Z7DLW6G" id="0" skipped="0" disabled="0" package="/mnt/c/codex/home/runner/work/icon-editor-lab/tests/ConfigSchema.Tests.ps1" time="0.680">
    <properties>
      <property name="junit-version" value="4" />
      <property name="clr-version" value="8.0.8" />
      <property name="cwd" value="/mnt/c/codex/home/runner/work/icon-editor-lab" />
      <property name="os-version" value="6.6.87.2-microsoft-standard-WSL2" />
      <property name="platform" value="Linux" />
      <property name="user" value="svelderr" />
      <property name="machine-name" value="USAUSLT-Z7DLW6G" />
      <property name="framework-version" value="5.7.1" />
      <property name="user-domain" value="" />
    </properties>
    <testcase name="Config schema validation.validates the example config against the schema" status="Passed" classname="/mnt/c/codex/home/runner/work/icon-editor-lab/tests/ConfigSchema.Tests.ps1" assertions="0" time="0.190" />
    <testcase name="Config schema validation.rejects labels longer than 64 chars" status="Passed" classname="/mnt/c/codex/home/runner/work/icon-editor-lab/tests/ConfigSchema.Tests.ps1" assertions="0" time="0.065" />
    <testcase name="Config schema validation.rejects path traversal in inputs" status="Passed" classname="/mnt/c/codex/home/runner/work/icon-editor-lab/tests/ConfigSchema.Tests.ps1" assertions="0" time="0.053" />
    <testcase name="Config schema validation.rejects dangerous metacharacters in inputs" status="Passed" classname="/mnt/c/codex/home/runner/work/icon-editor-lab/tests/ConfigSchema.Tests.ps1" assertions="0" time="0.032" />
  </testsuite>
  <testsuite name="/mnt/c/codex/home/runner/work/icon-editor-lab/tests/scripts/ScriptsSyntax.Tests.ps1" tests="3" errors="0" failures="0" hostname="USAUSLT-Z7DLW6G" id="1" skipped="0" disabled="0" package="/mnt/c/codex/home/runner/work/icon-editor-lab/tests/scripts/ScriptsSyntax.Tests.ps1" time="0.422">
    <properties>
      <property name="junit-version" value="4" />
      <property name="clr-version" value="8.0.8" />
      <property name="cwd" value="/mnt/c/codex/home/runner/work/icon-editor-lab" />
      <property name="os-version" value="6.6.87.2-microsoft-standard-WSL2" />
      <property name="platform" value="Linux" />
      <property name="user" value="svelderr" />
      <property name="machine-name" value="USAUSLT-Z7DLW6G" />
      <property name="framework-version" value="5.7.1" />
      <property name="user-domain" value="" />
    </properties>
    <testcase name="Scripts folder syntax.has a scripts directory" status="Passed" classname="/mnt/c/codex/home/runner/work/icon-editor-lab/tests/scripts/ScriptsSyntax.Tests.ps1" assertions="0" time="0.047" />
    <testcase name="Scripts folder syntax.contains at least one PowerShell script" status="Passed" classname="/mnt/c/codex/home/runner/work/icon-editor-lab/tests/scripts/ScriptsSyntax.Tests.ps1" assertions="0" time="0.126" />
    <testcase name="Scripts folder syntax.parses scripts/ScriptsSyntax.Tests.ps1" status="Passed" classname="/mnt/c/codex/home/runner/work/icon-editor-lab/tests/scripts/ScriptsSyntax.Tests.ps1" assertions="0" time="0.016" />
  </testsuite>
  <testsuite name="/mnt/c/codex/home/runner/work/icon-editor-lab/tests/tools/IconEditorDevMode.Tests.ps1" tests="8" errors="0" failures="0" hostname="USAUSLT-Z7DLW6G" id="2" skipped="0" disabled="0" package="/mnt/c/codex/home/runner/work/icon-editor-lab/tests/tools/IconEditorDevMode.Tests.ps1" time="1.383">
    <properties>
      <property name="junit-version" value="4" />
      <property name="clr-version" value="8.0.8" />
      <property name="cwd" value="/mnt/c/codex/home/runner/work/icon-editor-lab" />
      <property name="os-version" value="6.6.87.2-microsoft-standard-WSL2" />
      <property name="platform" value="Linux" />
      <property name="user" value="svelderr" />
      <property name="machine-name" value="USAUSLT-Z7DLW6G" />
      <property name="framework-version" value="5.7.1" />
      <property name="user-domain" value="" />
    </properties>
    <testcase name="Invoke-LabVIEWPrelaunchGuard.single running PID reported from settle.force closes the PID when AllowForceClose is set" status="Passed" classname="/mnt/c/codex/home/runner/work/icon-editor-lab/tests/tools/IconEditorDevMode.Tests.ps1" assertions="0" time="0.373" />
    <testcase name="Invoke-LabVIEWPrelaunchGuard.single running PID reported from settle.skips force close when AllowForceClose is not set" status="Passed" classname="/mnt/c/codex/home/runner/work/icon-editor-lab/tests/tools/IconEditorDevMode.Tests.ps1" assertions="0" time="0.113" />
    <testcase name="Invoke-LabVIEWPrelaunchGuard.fast settle with force-close retry.uses fast timeout before force closing and succeeds on retry" status="Passed" classname="/mnt/c/codex/home/runner/work/icon-editor-lab/tests/tools/IconEditorDevMode.Tests.ps1" assertions="0" time="0.143" />
    <testcase name="Invoke-LabVIEWPrelaunchGuard.prepare script arguments.passes the Editor Packed Library build spec to PrepareIESource" status="Passed" classname="/mnt/c/codex/home/runner/work/icon-editor-lab/tests/tools/IconEditorDevMode.Tests.ps1" assertions="0" time="0.287" />
    <testcase name="Invoke-LabVIEWPrelaunchGuard.version and bitness parameters.passes versions and bitness to Close-IconEditorLabVIEW when settle fails" status="Passed" classname="/mnt/c/codex/home/runner/work/icon-editor-lab/tests/tools/IconEditorDevMode.Tests.ps1" assertions="0" time="0.073" />
    <testcase name="Invoke-LabVIEWPrelaunchGuard.version and bitness parameters.skips Close-IconEditorLabVIEW when bitness is not provided" status="Passed" classname="/mnt/c/codex/home/runner/work/icon-editor-lab/tests/tools/IconEditorDevMode.Tests.ps1" assertions="0" time="0.051" />
    <testcase name="Invoke-LabVIEWPrelaunchGuard.build package operation.targets LabVIEW 2023 (32-bit) by default" status="Passed" classname="/mnt/c/codex/home/runner/work/icon-editor-lab/tests/tools/IconEditorDevMode.Tests.ps1" assertions="0" time="0.096" />
    <testcase name="Invoke-LabVIEWPrelaunchGuard.build package operation.respects explicit bitness selection when requesting 64-bit only" status="Passed" classname="/mnt/c/codex/home/runner/work/icon-editor-lab/tests/tools/IconEditorDevMode.Tests.ps1" assertions="0" time="0.074" />
  </testsuite>
  <testsuite name="/mnt/c/codex/home/runner/work/icon-editor-lab/tests/tools/PrepareLabVIEWSource.Tests.ps1" tests="1" errors="0" failures="1" hostname="USAUSLT-Z7DLW6G" id="3" skipped="0" disabled="0" package="/mnt/c/codex/home/runner/work/icon-editor-lab/tests/tools/PrepareLabVIEWSource.Tests.ps1" time="0.183">
    <properties>
      <property name="junit-version" value="4" />
      <property name="clr-version" value="8.0.8" />
      <property name="cwd" value="/mnt/c/codex/home/runner/work/icon-editor-lab" />
      <property name="os-version" value="6.6.87.2-microsoft-standard-WSL2" />
      <property name="platform" value="Linux" />
      <property name="user" value="svelderr" />
      <property name="machine-name" value="USAUSLT-Z7DLW6G" />
      <property name="framework-version" value="5.7.1" />
      <property name="user-domain" value="" />
    </properties>
    <testcase name="Prepare_LabVIEW_source.ps1.places Localhost.LibraryPaths ahead of the .lvproj path and includes the Editor Packed Library build spec" status="Failed" classname="/mnt/c/codex/home/runner/work/icon-editor-lab/tests/tools/PrepareLabVIEWSource.Tests.ps1" assertions="0" time="0.054">
      <failure message="Expected regular expression 'Localhost\.LibraryPaths.*\$escapedLibraryPaths.*\$escapedLabVIEWProjectPath' to match '# Example usage:&#xD;&#xA;# .\Prepare_LabVIEW_source.ps1 -MinimumSupportedLVVersion &quot;2021&quot; -SupportedBitness &quot;64&quot; -RelativePath &quot;C:\labview icon editor&quot; -LabVIEW_Project &quot;lv_icon_editor&quot; -Build_Spec &quot;Editor Packed Library&quot;&#xD;&#xA;&#xD;&#xA;param(&#xD;&#xA;    [Parameter(Mandatory = $true)]&#xD;&#xA;    [string]$MinimumSupportedLVVersion,&#xD;&#xA;&#xD;&#xA;    [Parameter(Mandatory = $true)]&#xD;&#xA;    [ValidateSet(&quot;32&quot;, &quot;64&quot;, IgnoreCase = $true)]&#xD;&#xA;    [string]$SupportedBitness,&#xD;&#xA;&#xD;&#xA;    [Parameter(Mandatory = $true)]&#xD;&#xA;    [ValidateScript({ Test-Path $_ })]&#xD;&#xA;    [string]$RelativePath,&#xD;&#xA;&#xD;&#xA;    [Parameter(Mandatory = $true)]&#xD;&#xA;    [string]$LabVIEW_Project,&#xD;&#xA;&#xD;&#xA;    [Parameter(Mandatory = $true)]&#xD;&#xA;    [string]$Build_Spec&#xD;&#xA;)&#xD;&#xA;&#xD;&#xA;# Ensure paths with spaces are enclosed in double quotes&#xD;&#xA;$escapedRelativePath = &quot;`&quot;$RelativePath`&quot;&quot;&#xD;&#xA;$escapedLabVIEWProjectPath = &quot;`&quot;$RelativePath\$LabVIEW_Project.lvproj`&quot;&quot;&#xD;&#xA;$escapedBuildSpec = &quot;`&quot;$Build_Spec`&quot;&quot;&#xD;&#xA;&#xD;&#xA;# Construct the command&#xD;&#xA;$script = @&quot;&#xD;&#xA;g-cli --lv-ver $MinimumSupportedLVVersion --arch $SupportedBitness -v `&quot;$RelativePath\Tooling\PrepareIESource.vi`&quot; -- LabVIEW Localhost.LibraryPaths `&quot;$RelativePath\$LabVIEW_Project.lvproj`&quot; $Build_Spec&#xD;&#xA;&quot;@&#xD;&#xA;&#xD;&#xA;Write-Output &quot;Executing the following command:&quot;&#xD;&#xA;Write-Output $script&#xD;&#xA;&#xD;&#xA;try {&#xD;&#xA;    # Execute the command and check for errors&#xD;&#xA;    Invoke-Expression $script&#xD;&#xA;&#xD;&#xA;    # Check the exit code&#xD;&#xA;    if ($LASTEXITCODE -eq 0) {&#xD;&#xA;        Write-Host &quot;Success: Process completed.&quot;&#xD;&#xA;        Write-Host &quot;Unzipping vi.lib/LabVIEW Icon API from LabVIEW $MinimumSupportedLVVersion ($SupportedBitness-bit).&quot;&#xD;&#xA;        Write-Host &quot;Removing localhost.library path from ini file.&quot;&#xD;&#xA;    } else {&#xD;&#xA;        throw &quot;Error: Command execution failed with exit code $LASTEXITCODE.&quot;&#xD;&#xA;    }&#xD;&#xA;} catch {&#xD;&#xA;    Write-Error &quot;An error occurred during execution: $_&quot;&#xD;&#xA;    Write-Error &quot;Please check the parameters and ensure the command is valid.&quot;&#xD;&#xA;    exit 1&#xD;&#xA;}&#xD;&#xA;', but it did not match.">at $script:prepareScriptContent | Should -Match 'Localhost\.LibraryPaths.*\$escapedLibraryPaths.*\$escapedLabVIEWProjectPath', /mnt/c/codex/home/runner/work/icon-editor-lab/tests/tools/PrepareLabVIEWSource.Tests.ps1:15
at &lt;ScriptBlock&gt;, /mnt/c/codex/home/runner/work/icon-editor-lab/tests/tools/PrepareLabVIEWSource.Tests.ps1:15</failure>
    </testcase>
  </testsuite>
  <testsuite name="/mnt/c/codex/home/runner/work/icon-editor-lab/tests/tools/ToolsSyntax.Tests.ps1" tests="6" errors="0" failures="0" hostname="USAUSLT-Z7DLW6G" id="4" skipped="0" disabled="0" package="/mnt/c/codex/home/runner/work/icon-editor-lab/tests/tools/ToolsSyntax.Tests.ps1" time="0.648">
    <properties>
      <property name="junit-version" value="4" />
      <property name="clr-version" value="8.0.8" />
      <property name="cwd" value="/mnt/c/codex/home/runner/work/icon-editor-lab" />
      <property name="os-version" value="6.6.87.2-microsoft-standard-WSL2" />
      <property name="platform" value="Linux" />
      <property name="user" value="svelderr" />
      <property name="machine-name" value="USAUSLT-Z7DLW6G" />
      <property name="framework-version" value="5.7.1" />
      <property name="user-domain" value="" />
    </properties>
    <testcase name="Tools folder script syntax.has a tools directory" status="Passed" classname="/mnt/c/codex/home/runner/work/icon-editor-lab/tests/tools/ToolsSyntax.Tests.ps1" assertions="0" time="0.071" />
    <testcase name="Tools folder script syntax.contains at least one PowerShell file" status="Passed" classname="/mnt/c/codex/home/runner/work/icon-editor-lab/tests/tools/ToolsSyntax.Tests.ps1" assertions="0" time="0.234" />
    <testcase name="Tools folder script syntax.parses tools/IconEditorDevMode.Tests.ps1" status="Passed" classname="/mnt/c/codex/home/runner/work/icon-editor-lab/tests/tools/ToolsSyntax.Tests.ps1" assertions="0" time="0.028" />
    <testcase name="Tools folder script syntax.parses tools/PrepareLabVIEWSource.Tests.ps1" status="Passed" classname="/mnt/c/codex/home/runner/work/icon-editor-lab/tests/tools/ToolsSyntax.Tests.ps1" assertions="0" time="0.015" />
    <testcase name="Tools folder script syntax.parses tools/Run-DevMode-Debug.ps1" status="Passed" classname="/mnt/c/codex/home/runner/work/icon-editor-lab/tests/tools/ToolsSyntax.Tests.ps1" assertions="0" time="0.014" />
    <testcase name="Tools folder script syntax.parses tools/ToolsSyntax.Tests.ps1" status="Passed" classname="/mnt/c/codex/home/runner/work/icon-editor-lab/tests/tools/ToolsSyntax.Tests.ps1" assertions="0" time="0.013" />
  </testsuite>
</testsuites>