<?xml version="1.0" encoding="utf-8" standalone="no"?>
<test-results xmlns:xsi="http://www.w3.org/2001/XMLSchema-instance" xsi:noNamespaceSchemaLocation="nunit_schema_2.5.xsd" name="Pester" total="3" errors="0" failures="3" not-run="0" inconclusive="0" ignored="0" skipped="0" invalid="0" date="2025-11-15" time="20:29:23">
  <environment platform="Microsoft Windows 11 Enterprise|C:\WINDOWS|\Device\Harddisk0\Partition3" nunit-version="2.5.8.0" cwd="C:\mnt\data\repo_local" user="svelderr" user-domain="NI" os-version="10.0.22631" machine-name="USAUSLT-Z7DLW6G" clr-version="9.0.8" />
  <culture-info current-culture="en-US" current-uiculture="en-US" />
  <test-suite type="TestFixture" name="Pester" executed="True" result="Failure" success="False" time="0.8512" asserts="0" description="Pester">
    <results>
      <test-suite type="TestFixture" name="C:\mnt\data\repo_local\tests\Scripts\WorkflowDrift.Script.Tests.ps1" executed="True" result="Failure" success="False" time="0.8512" asserts="0" description="C:\mnt\data\repo_local\tests\Scripts\WorkflowDrift.Script.Tests.ps1">
        <results>
          <test-suite type="TestFixture" name="Check-WorkflowDrift.ps1 (script run)" executed="True" result="Failure" success="False" time="0.2176" asserts="0" description="Check-WorkflowDrift.ps1 (script run)">
            <results>
              <test-case description="completes staging flow when python succeeds" name="Check-WorkflowDrift.ps1 (script run).completes staging flow when python succeeds" time="0.1218" asserts="0" success="False" result="Failure" executed="True">
                <failure>
                  <message>RuntimeException: The expression after '&amp;' in a pipeline element produced an object that was not valid. It must result in a command name, a script block, or a CommandInfo object.</message>
                  <stack-trace>at &lt;ScriptBlock&gt;, C:\mnt\data\repo_local\tests\Scripts\WorkflowDrift.Script.Tests.ps1:132</stack-trace>
                </failure>
              </test-case>
              <test-case description="applies auto-fix path when python returns exit code 3" name="Check-WorkflowDrift.ps1 (script run).applies auto-fix path when python returns exit code 3" time="0.0096" asserts="0" success="False" result="Failure" executed="True">
                <failure>
                  <message>RuntimeException: The expression after '&amp;' in a pipeline element produced an object that was not valid. It must result in a command name, a script block, or a CommandInfo object.</message>
                  <stack-trace>at &lt;ScriptBlock&gt;, C:\mnt\data\repo_local\tests\Scripts\WorkflowDrift.Script.Tests.ps1:148</stack-trace>
                </failure>
              </test-case>
              <test-case description="propagates failure exit codes from python" name="Check-WorkflowDrift.ps1 (script run).propagates failure exit codes from python" time="0.0102" asserts="0" success="False" result="Failure" executed="True">
                <failure>
                  <message>RuntimeException: The expression after '&amp;' in a pipeline element produced an object that was not valid. It must result in a command name, a script block, or a CommandInfo object.</message>
                  <stack-trace>at &lt;ScriptBlock&gt;, C:\mnt\data\repo_local\tests\Scripts\WorkflowDrift.Script.Tests.ps1:166</stack-trace>
                </failure>
              </test-case>
            </results>
          </test-suite>
        </results>
      </test-suite>
    </results>
  </test-suite>
</test-results>