**********************
PowerShell transcript start
Start time: 20251113150702
Username: USAUSLT-Z7DLW6G\svelderr
RunAs User: USAUSLT-Z7DLW6G\svelderr
Configuration Name: 
Machine: USAUSLT-Z7DLW6G (Unix 6.6.87.2)
Host Application: /home/svelderr/.local/microsoft/powershell/7.4.5/pwsh.dll -NoLogo -NoProfile -File /mnt/c/codex/home/runner/work/icon-editor-lab/local-ci/windows/Invoke-LocalCI.ps1 -ConfigPath /mnt/c/Users/svelderr/AppData/Local/Temp/icon-editor-lab/profile.debug.6db90657bfd74bed952ba40d826d01eb.psd1 -OnlyStages 25
Process ID: 52793
PSVersion: 7.4.5
PSEdition: Core
GitCommitId: 7.4.5
OS: Ubuntu 24.04.3 LTS
Platform: Unix
PSCompatibleVersions: 1.0, 2.0, 3.0, 4.0, 5.0, 5.1, 6.0, 7.0
PSRemotingProtocolVersion: 2.3
SerializationVersion: 1.1.0.1
WSManStackVersion: 3.0
**********************
[25-DevMode] LabVIEW CLI session root: /mnt/c/codex/home/runner/work/icon-editor-lab/out/local-ci/20251113-150701/labview-cli/stage-25-20251113150703214
[25-DevMode] LabVIEW CLI session metadata: /mnt/c/codex/home/runner/work/icon-editor-lab/out/local-ci/20251113-150701/labview-cli/stage-25-20251113150703214/session.json
[25-DevMode] DevModeDisableAtEnd=True; deferring disable to Stage 55 (DevModeCleanup).
[25-DevMode] Ensuring no rogue LabVIEW instances are running before enabling dev mode...
[25-DevMode] Running Enable-DevMode.ps1 for versions 2021 (64-bit)
[25-DevMode] pwsh arguments:
  -NoLogo
  -NoProfile
  -File
  /mnt/c/codex/home/runner/work/icon-editor-lab/src/tools/icon-editor/Enable-DevMode.ps1
  -Operation
  MissingInProject
  -Versions
  2021
  -Bitness
  64
  -RepoRoot
  /mnt/c/codex/home/runner/work/icon-editor-lab
  -IconEditorRoot
  /mnt/c/codex/home/runner/work/icon-editor-lab/vendor/icon-editor
  -RunRoot
  /mnt/c/codex/home/runner/work/icon-editor-lab/out/local-ci/20251113-150701
[DevMode] Resolving VendorTools from RepoRoot=/mnt/c/codex/home/runner/work/icon-editor-lab
[DevMode] Candidate: /mnt/c/codex/home/runner/work/icon-editor-lab/tools/VendorTools.psm1 -> exists=False
[DevMode] Candidate: /mnt/c/codex/home/runner/work/icon-editor-lab/src/tools/VendorTools.psm1 -> exists=True
[DevMode] Candidate: /mnt/c/codex/home/runner/work/icon-editor-lab/src/tools/VendorTools.psm1 -> exists=True
[DevMode] Using VendorTools at: /mnt/c/codex/home/runner/work/icon-editor-lab/src/tools/VendorTools.psm1
[DevMode] Invoking /mnt/c/codex/home/runner/work/icon-editor-lab/vendor/icon-editor/.github/actions/add-token-to-labview/AddTokenToLabVIEW.ps1
  -MinimumSupportedLVVersion
  2021
  -SupportedBitness
  64
  -RelativePath
  /mnt/c/codex/home/runner/work/icon-editor-lab/vendor/icon-editor
Executing the following command:
g-cli --lv-ver 2021 --arch 64 -v "/mnt/c/codex/home/runner/work/icon-editor-lab/vendor/icon-editor\Tooling\deployment\Create_LV_INI_Token.vi" -- "LabVIEW" "Localhost.LibraryPaths" "/mnt/c/codex/home/runner/work/icon-editor-lab/vendor/icon-editor"

[DevMode] Invoking /mnt/c/codex/home/runner/work/icon-editor-lab/vendor/icon-editor/.github/actions/prepare-labview-source/Prepare_LabVIEW_source.ps1
  -MinimumSupportedLVVersion
  2021
  -SupportedBitness
  64
  -RelativePath
  /mnt/c/codex/home/runner/work/icon-editor-lab/vendor/icon-editor
  -LabVIEW_Project
  lv_icon_editor
  -Build_Spec
  Editor Packed Library
Executing the following command:
g-cli --lv-ver 2021 --arch 64 -v "/mnt/c/codex/home/runner/work/icon-editor-lab/vendor/icon-editor\Tooling\PrepareIESource.vi" -- LabVIEW Localhost.LibraryPaths "/mnt/c/codex/home/runner/work/icon-editor-lab/vendor/icon-editor" "/mnt/c/codex/home/runner/work/icon-editor-lab/vendor/icon-editor\lv_icon_editor.lvproj" "Editor Packed Library"
Write-Error: An error occurred during execution: The term 'g-cli' is not recognized as a name of a cmdlet, function, script file, or executable program.
Check the spelling of the name, or if a path was included, verify that the path is correct and try again.
Write-Error: Please check the parameters and ensure the command is valid.
Exception: Dev-mode script
Exception: Dev-mode script
'/mnt/c/codex/home/runner/work/icon-editor-lab/vendor/icon-editor/.github/action
'/mnt/c/codex/home/runner/work/icon-editor-lab/vendor/icon-editor/.github/action
s/prepare-labview-source/Prepare_LabVIEW_source.ps1' exited with code 1.
s/prepare-labview-source/Prepare_LabVIEW_source.ps1' exited with code 1.
Executing the following command: g-cli --lv-ver 2021 --arch 64 -v
Executing the following command: g-cli --lv-ver 2021 --arch 64 -v
"/mnt/c/codex/home/runner/work/icon-editor-lab/vendor/icon-editor\Tooling\Prepar
"/mnt/c/codex/home/runner/work/icon-editor-lab/vendor/icon-editor\Tooling\Prepar
eIESource.vi" -- LabVIEW Localhost.LibraryPaths
eIESource.vi" -- LabVIEW Localhost.LibraryPaths
"/mnt/c/codex/home/runner/work/icon-editor-lab/vendor/icon-editor"
"/mnt/c/codex/home/runner/work/icon-editor-lab/vendor/icon-editor"
"/mnt/c/codex/home/runner/work/icon-editor-lab/vendor/icon-editor\lv_icon_editor
"/mnt/c/codex/home/runner/work/icon-editor-lab/vendor/icon-editor\lv_icon_editor
.lvproj" "Editor Packed Library" Write-Error: An error occurred during
.lvproj" "Editor Packed Library" Write-Error: An error occurred during
execution: The term 'g-cli' is not recognized as a name of a cmdlet, function,
execution: The term 'g-cli' is not recognized as a name of a cmdlet, function,
script file, or executable program. Check the spelling of the name, or if a
script file, or executable program. Check the spelling of the name, or if a
path was included, verify that the path is correct and try again. Write-Error:
path was included, verify that the path is correct and try again. Write-Error:
Please check the parameters and ensure the command is valid.
Please check the parameters and ensure the command is valid.
PS>TerminatingError(): "[25-DevMode][DMO200] Enable-DevMode.ps1 exited with code 1. See stage log and rogue details under /mnt/c/codex/home/runner/work/icon-editor-lab/out/local-ci/20251113-150701/devmode/rogue. Latest rogue log: /mnt/c/codex/home/runner/work/icon-editor-lab/out/local-ci/20251113-150701/devmode/rogue/rogue-lv-enable-prepare-2021-64-20251113T150725397.json"
>> TerminatingError(Invoke-LocalCI.ps1): "The running command stopped because the preference variable "ErrorActionPreference" or common parameter is set to Stop: Stage 25-DevMode failed: [25-DevMode][DMO200] Enable-DevMode.ps1 exited with code 1. See stage log and rogue details under /mnt/c/codex/home/runner/work/icon-editor-lab/out/local-ci/20251113-150701/devmode/rogue. Latest rogue log: /mnt/c/codex/home/runner/work/icon-editor-lab/out/local-ci/20251113-150701/devmode/rogue/rogue-lv-enable-prepare-2021-64-20251113T150725397.json"
**********************
PowerShell transcript end
End time: 20251113150755
**********************
