<?xml version="1.0"?>
<!DOCTYPE coverage SYSTEM "coverage-loose.dtd"[]>
<coverage lines-valid="35" lines-covered="32" line-rate="0.914285714285714" branches-valid="0" branches-covered="0" branch-rate="1" timestamp="1763276416779" version="0.1">
  <sources>
    <source>C:/codex/home/runner/work/icon-editor-lab/src/tools</source>
  </sources>
  <packages>
    <package name="" line-rate="0.914285714285714" branch-rate="0">
      <classes>
        <class name="ConsoleUx.psm1" filename="ConsoleUx.psm1" line-rate="0.914285714285714" branch-rate="1">
          <methods>
            <method name="Get-DxLevel" signature="()">
              <lines>
                <line number="16" hits="1" />
                <line number="17" hits="2" />
                <line number="18" hits="1" />
                <line number="19" hits="2" />
                <line number="20" hits="1" />
                <line number="21" hits="1" />
                <line number="22" hits="0" />
                <line number="23" hits="0" />
                <line number="24" hits="1" />
                <line number="25" hits="1" />
                <line number="26" hits="0" />
              </lines>
            </method>
            <method name="Invoke-WithTimeout" signature="()">
              <lines>
                <line number="118" hits="1" />
                <line number="119" hits="2" />
                <line number="120" hits="1" />
                <line number="121" hits="1" />
                <line number="123" hits="1" />
              </lines>
            </method>
            <method name="Test-DxAtLeast" signature="()">
              <lines>
                <line number="42" hits="6" />
                <line number="43" hits="2" />
              </lines>
            </method>
            <method name="Test-ValidLabel" signature="()">
              <lines>
                <line number="103" hits="2" />
              </lines>
            </method>
            <method name="Write-Dx" signature="()">
              <lines>
                <line number="59" hits="2" />
                <line number="60" hits="1" />
                <line number="61" hits="3" />
                <line number="62" hits="1" />
                <line number="63" hits="1" />
                <line number="64" hits="6" />
              </lines>
            </method>
            <method name="Write-DxKV" signature="()">
              <lines>
                <line number="81" hits="2" />
                <line number="82" hits="1" />
                <line number="83" hits="1" />
                <line number="84" hits="3" />
                <line number="85" hits="1" />
                <line number="86" hits="2" />
                <line number="87" hits="2" />
                <line number="89" hits="4" />
              </lines>
            </method>
          </methods>
          <lines>
            <line number="1" hits="1" />
            <line number="16" hits="1" />
            <line number="17" hits="2" />
            <line number="18" hits="1" />
            <line number="19" hits="2" />
            <line number="20" hits="1" />
            <line number="21" hits="1" />
            <line number="22" hits="0" />
            <line number="23" hits="0" />
            <line number="24" hits="1" />
            <line number="25" hits="1" />
            <line number="26" hits="0" />
            <line number="42" hits="6" />
            <line number="43" hits="2" />
            <line number="59" hits="2" />
            <line number="60" hits="1" />
            <line number="61" hits="3" />
            <line number="62" hits="1" />
            <line number="63" hits="1" />
            <line number="64" hits="6" />
            <line number="81" hits="2" />
            <line number="82" hits="1" />
            <line number="83" hits="1" />
            <line number="84" hits="3" />
            <line number="85" hits="1" />
            <line number="86" hits="2" />
            <line number="87" hits="2" />
            <line number="89" hits="4" />
            <line number="92" hits="1" />
            <line number="103" hits="2" />
            <line number="118" hits="1" />
            <line number="119" hits="2" />
            <line number="120" hits="1" />
            <line number="121" hits="1" />
            <line number="123" hits="1" />
          </lines>
        </class>
      </classes>
    </package>
  </packages>
</coverage>
