<?xml version="1.0"?>
<!DOCTYPE coverage SYSTEM "coverage-loose.dtd"[]>
<coverage lines-valid="529" lines-covered="427" line-rate="0.80718336483932" branches-valid="0" branches-covered="0" branch-rate="1" timestamp="1763279431551" version="0.1">
  <sources>
    <source>C:/codex/home/runner/work/icon-editor-lab</source>
  </sources>
  <packages>
    <package name="local-ci/windows/scripts" line-rate="0.746192893401015" branch-rate="0">
      <classes>
        <class name="Invoke-ViCompareLabVIEWCli.ps1" filename="local-ci/windows/scripts/Invoke-ViCompareLabVIEWCli.ps1" line-rate="0.746192893401015" branch-rate="1">
          <methods>
            <method name="Get-PropertyValue" signature="()">
              <lines>
                <line number="58" hits="1" />
                <line number="59" hits="1" />
                <line number="60" hits="2" />
                <line number="61" hits="1" />
              </lines>
            </method>
            <method name="Read-ViDiffPairs" signature="()">
              <lines>
                <line number="66" hits="1" />
                <line number="67" hits="2" />
                <line number="68" hits="1" />
                <line number="69" hits="0" />
                <line number="72" hits="1" />
                <line number="74" hits="1" />
                <line number="75" hits="1" />
                <line number="76" hits="1" />
                <line number="77" hits="1" />
                <line number="78" hits="1" />
                <line number="79" hits="1" />
                <line number="80" hits="1" />
                <line number="81" hits="2" />
                <line number="82" hits="2" />
                <line number="83" hits="1" />
                <line number="84" hits="2" />
                <line number="86" hits="1" />
                <line number="87" hits="1" />
                <line number="88" hits="1" />
                <line number="89" hits="1" />
                <line number="90" hits="1" />
                <line number="91" hits="1" />
                <line number="92" hits="2" />
                <line number="93" hits="2" />
                <line number="95" hits="1" />
                <line number="96" hits="1" />
                <line number="97" hits="1" />
                <line number="98" hits="1" />
                <line number="99" hits="1" />
                <line number="100" hits="1" />
                <line number="101" hits="1" />
                <line number="104" hits="1" />
                <line number="107" hits="1" />
                <line number="108" hits="1" />
                <line number="109" hits="1" />
                <line number="110" hits="1" />
                <line number="111" hits="1" />
                <line number="112" hits="1" />
                <line number="113" hits="1" />
                <line number="114" hits="4" />
                <line number="116" hits="1" />
                <line number="117" hits="1" />
                <line number="118" hits="1" />
                <line number="119" hits="1" />
                <line number="120" hits="1" />
                <line number="121" hits="1" />
                <line number="122" hits="3" />
                <line number="123" hits="3" />
                <line number="126" hits="1" />
                <line number="129" hits="0" />
              </lines>
            </method>
            <method name="Resolve-ExistingPath" signature="()">
              <lines>
                <line number="33" hits="1" />
                <line number="34" hits="1" />
                <line number="36" hits="1" />
                <line number="37" hits="1" />
                <line number="38" hits="0" />
                <line number="39" hits="0" />
                <line number="41" hits="0" />
                <line number="44" hits="4" />
                <line number="45" hits="1" />
                <line number="46" hits="1" />
                <line number="47" hits="0" />
                <line number="50" hits="1" />
              </lines>
            </method>
            <method name="Write-StubArtifacts" signature="()">
              <lines>
                <line number="138" hits="1" />
                <line number="139" hits="1" />
                <line number="140" hits="1" />
                <line number="141" hits="1" />
                <line number="142" hits="2" />
                <line number="144" hits="4" />
                <line number="146" hits="1" />
                <line number="147" hits="1" />
                <line number="148" hits="2" />
                <line number="149" hits="1" />
                <line number="150" hits="1" />
                <line number="152" hits="4" />
                <line number="154" hits="1" />
                <line number="155" hits="1" />
                <line number="160" hits="3" />
              </lines>
            </method>
          </methods>
          <lines>
            <line number="17" hits="1" />
            <line number="18" hits="1" />
            <line number="20" hits="1" />
            <line number="21" hits="0" />
            <line number="22" hits="0" />
            <line number="23" hits="0" />
            <line number="24" hits="0" />
            <line number="33" hits="1" />
            <line number="34" hits="1" />
            <line number="36" hits="1" />
            <line number="37" hits="1" />
            <line number="38" hits="0" />
            <line number="39" hits="0" />
            <line number="41" hits="0" />
            <line number="44" hits="4" />
            <line number="45" hits="1" />
            <line number="46" hits="1" />
            <line number="47" hits="0" />
            <line number="50" hits="1" />
            <line number="58" hits="1" />
            <line number="59" hits="1" />
            <line number="60" hits="2" />
            <line number="61" hits="1" />
            <line number="66" hits="1" />
            <line number="67" hits="2" />
            <line number="68" hits="1" />
            <line number="69" hits="0" />
            <line number="72" hits="1" />
            <line number="74" hits="1" />
            <line number="75" hits="1" />
            <line number="76" hits="1" />
            <line number="77" hits="1" />
            <line number="78" hits="1" />
            <line number="79" hits="1" />
            <line number="80" hits="1" />
            <line number="81" hits="2" />
            <line number="82" hits="2" />
            <line number="83" hits="1" />
            <line number="84" hits="2" />
            <line number="86" hits="1" />
            <line number="87" hits="1" />
            <line number="88" hits="1" />
            <line number="89" hits="1" />
            <line number="90" hits="1" />
            <line number="91" hits="1" />
            <line number="92" hits="2" />
            <line number="93" hits="2" />
            <line number="95" hits="1" />
            <line number="96" hits="1" />
            <line number="97" hits="1" />
            <line number="98" hits="1" />
            <line number="99" hits="1" />
            <line number="100" hits="1" />
            <line number="101" hits="1" />
            <line number="104" hits="1" />
            <line number="107" hits="1" />
            <line number="108" hits="1" />
            <line number="109" hits="1" />
            <line number="110" hits="1" />
            <line number="111" hits="1" />
            <line number="112" hits="1" />
            <line number="113" hits="1" />
            <line number="114" hits="4" />
            <line number="116" hits="1" />
            <line number="117" hits="1" />
            <line number="118" hits="1" />
            <line number="119" hits="1" />
            <line number="120" hits="1" />
            <line number="121" hits="1" />
            <line number="122" hits="3" />
            <line number="123" hits="3" />
            <line number="126" hits="1" />
            <line number="129" hits="0" />
            <line number="138" hits="1" />
            <line number="139" hits="1" />
            <line number="140" hits="1" />
            <line number="141" hits="1" />
            <line number="142" hits="2" />
            <line number="144" hits="4" />
            <line number="146" hits="1" />
            <line number="147" hits="1" />
            <line number="148" hits="2" />
            <line number="149" hits="1" />
            <line number="150" hits="1" />
            <line number="152" hits="4" />
            <line number="154" hits="1" />
            <line number="155" hits="1" />
            <line number="160" hits="3" />
            <line number="163" hits="2" />
            <line number="164" hits="0" />
            <line number="167" hits="2" />
            <line number="168" hits="0" />
            <line number="171" hits="3" />
            <line number="172" hits="1" />
            <line number="173" hits="2" />
            <line number="176" hits="1" />
            <line number="177" hits="0" />
            <line number="180" hits="1" />
            <line number="181" hits="1" />
            <line number="182" hits="0" />
            <line number="186" hits="1" />
            <line number="187" hits="1" />
            <line number="188" hits="1" />
            <line number="190" hits="2" />
            <line number="192" hits="1" />
            <line number="193" hits="1" />
            <line number="194" hits="0" />
            <line number="195" hits="0" />
            <line number="196" hits="0" />
            <line number="198" hits="0" />
            <line number="199" hits="0" />
            <line number="200" hits="0" />
            <line number="204" hits="3" />
            <line number="205" hits="1" />
            <line number="207" hits="1" />
            <line number="208" hits="1" />
            <line number="209" hits="1" />
            <line number="210" hits="1" />
            <line number="211" hits="1" />
            <line number="212" hits="1" />
            <line number="213" hits="1" />
            <line number="214" hits="1" />
            <line number="217" hits="1" />
            <line number="218" hits="1" />
            <line number="220" hits="2" />
            <line number="221" hits="1" />
            <line number="222" hits="2" />
            <line number="223" hits="1" />
            <line number="224" hits="1" />
            <line number="225" hits="2" />
            <line number="227" hits="1" />
            <line number="228" hits="1" />
            <line number="229" hits="1" />
            <line number="230" hits="1" />
            <line number="232" hits="1" />
            <line number="233" hits="0" />
            <line number="234" hits="0" />
            <line number="235" hits="0" />
            <line number="236" hits="0" />
            <line number="237" hits="0" />
            <line number="239" hits="0" />
            <line number="240" hits="0" />
            <line number="250" hits="0" />
            <line number="251" hits="0" />
            <line number="254" hits="0" />
            <line number="255" hits="0" />
            <line number="256" hits="0" />
            <line number="257" hits="0" />
            <line number="258" hits="0" />
            <line number="259" hits="0" />
            <line number="261" hits="0" />
            <line number="262" hits="0" />
            <line number="264" hits="0" />
            <line number="265" hits="0" />
            <line number="266" hits="0" />
            <line number="268" hits="0" />
            <line number="269" hits="0" />
            <line number="270" hits="0" />
            <line number="273" hits="0" />
            <line number="274" hits="0" />
            <line number="275" hits="0" />
            <line number="278" hits="0" />
            <line number="279" hits="0" />
            <line number="280" hits="0" />
            <line number="281" hits="0" />
            <line number="286" hits="1" />
            <line number="287" hits="1" />
            <line number="288" hits="1" />
            <line number="289" hits="1" />
            <line number="292" hits="1" />
            <line number="293" hits="1" />
            <line number="294" hits="1" />
            <line number="295" hits="1" />
            <line number="297" hits="1" />
            <line number="298" hits="1" />
            <line number="299" hits="1" />
            <line number="301" hits="1" />
            <line number="302" hits="1" />
            <line number="303" hits="1" />
            <line number="306" hits="1" />
            <line number="307" hits="1" />
            <line number="308" hits="1" />
            <line number="309" hits="1" />
            <line number="310" hits="1" />
            <line number="311" hits="1" />
            <line number="312" hits="1" />
            <line number="313" hits="1" />
            <line number="314" hits="1" />
            <line number="317" hits="1" />
            <line number="318" hits="1" />
            <line number="319" hits="2" />
            <line number="320" hits="1" />
            <line number="321" hits="1" />
            <line number="323" hits="1" />
            <line number="324" hits="3" />
            <line number="326" hits="2" />
            <line number="327" hits="1" />
          </lines>
        </class>
      </classes>
    </package>
    <package name="src/tools" line-rate="0.824120603015075" branch-rate="0">
      <classes>
        <class name="Agent-Wait.ps1" filename="src/tools/Agent-Wait.ps1" line-rate="0.881818181818182" branch-rate="1">
          <methods>
            <method name="End-AgentWait" signature="()">
              <lines>
                <line number="138" hits="1" />
                <line number="139" hits="2" />
                <line number="140" hits="1" />
                <line number="141" hits="2" />
                <line number="142" hits="0" />
                <line number="143" hits="0" />
                <line number="145" hits="2" />
                <line number="146" hits="1" />
                <line number="147" hits="1" />
                <line number="149" hits="2" />
                <line number="151" hits="3" />
                <line number="152" hits="1" />
                <line number="153" hits="2" />
                <line number="154" hits="1" />
                <line number="155" hits="1" />
                <line number="156" hits="1" />
                <line number="157" hits="1" />
                <line number="158" hits="1" />
                <line number="159" hits="1" />
                <line number="160" hits="1" />
                <line number="161" hits="1" />
                <line number="162" hits="1" />
                <line number="163" hits="1" />
                <line number="164" hits="1" />
                <line number="165" hits="1" />
                <line number="166" hits="1" />
                <line number="167" hits="1" />
                <line number="168" hits="1" />
                <line number="170" hits="1" />
                <line number="171" hits="1" />
                <line number="172" hits="3" />
                <line number="173" hits="4" />
                <line number="175" hits="1" />
                <line number="176" hits="1" />
                <line number="177" hits="1" />
                <line number="179" hits="1" />
                <line number="184" hits="1" />
                <line number="185" hits="1" />
                <line number="186" hits="0" />
                <line number="188" hits="1" />
              </lines>
            </method>
            <method name="Get-AgentRunContext" signature="()">
              <lines>
                <line number="44" hits="1" />
                <line number="45" hits="1" />
                <line number="46" hits="1" />
                <line number="47" hits="1" />
                <line number="48" hits="1" />
                <line number="51" hits="1" />
                <line number="53" hits="2" />
                <line number="54" hits="3" />
                <line number="57" hits="1" />
                <line number="59" hits="2" />
                <line number="60" hits="1" />
                <line number="61" hits="1" />
                <line number="62" hits="2" />
                <line number="66" hits="2" />
                <line number="67" hits="2" />
                <line number="68" hits="1" />
                <line number="69" hits="1" />
                <line number="70" hits="1" />
                <line number="71" hits="1" />
                <line number="74" hits="6" />
              </lines>
            </method>
            <method name="Invoke-ProcessCapture" signature="()">
              <lines>
                <line number="20" hits="1" />
                <line number="21" hits="1" />
                <line number="22" hits="1" />
                <line number="23" hits="2" />
                <line number="24" hits="1" />
                <line number="25" hits="1" />
                <line number="26" hits="1" />
                <line number="27" hits="1" />
                <line number="28" hits="1" />
                <line number="29" hits="1" />
                <line number="30" hits="1" />
                <line number="31" hits="1" />
                <line number="32" hits="4" />
              </lines>
            </method>
            <method name="Invoke-WithTimeout" signature="()">
              <lines>
                <line number="223" hits="0" />
                <line number="224" hits="0" />
                <line number="225" hits="0" />
                <line number="226" hits="0" />
                <line number="228" hits="0" />
              </lines>
            </method>
            <method name="Start-AgentWait" signature="()">
              <lines>
                <line number="91" hits="2" />
                <line number="92" hits="1" />
                <line number="93" hits="2" />
                <line number="94" hits="2" />
                <line number="95" hits="2" />
                <line number="96" hits="1" />
                <line number="97" hits="1" />
                <line number="98" hits="1" />
                <line number="99" hits="1" />
                <line number="100" hits="1" />
                <line number="101" hits="1" />
                <line number="102" hits="1" />
                <line number="103" hits="1" />
                <line number="104" hits="1" />
                <line number="105" hits="1" />
                <line number="106" hits="1" />
                <line number="107" hits="1" />
                <line number="108" hits="1" />
                <line number="109" hits="1" />
                <line number="111" hits="3" />
                <line number="112" hits="1" />
                <line number="113" hits="1" />
                <line number="114" hits="1" />
                <line number="115" hits="0" />
                <line number="116" hits="0" />
                <line number="121" hits="0" />
                <line number="123" hits="1" />
              </lines>
            </method>
            <method name="Test-ValidLabel" signature="()">
              <lines>
                <line number="208" hits="0" />
              </lines>
            </method>
          </methods>
          <lines>
            <line number="3" hits="1" />
            <line number="4" hits="1" />
            <line number="20" hits="1" />
            <line number="21" hits="1" />
            <line number="22" hits="1" />
            <line number="23" hits="2" />
            <line number="24" hits="1" />
            <line number="25" hits="1" />
            <line number="26" hits="1" />
            <line number="27" hits="1" />
            <line number="28" hits="1" />
            <line number="29" hits="1" />
            <line number="30" hits="1" />
            <line number="31" hits="1" />
            <line number="32" hits="4" />
            <line number="44" hits="1" />
            <line number="45" hits="1" />
            <line number="46" hits="1" />
            <line number="47" hits="1" />
            <line number="48" hits="1" />
            <line number="51" hits="1" />
            <line number="53" hits="2" />
            <line number="54" hits="3" />
            <line number="57" hits="1" />
            <line number="59" hits="2" />
            <line number="60" hits="1" />
            <line number="61" hits="1" />
            <line number="62" hits="2" />
            <line number="66" hits="2" />
            <line number="67" hits="2" />
            <line number="68" hits="1" />
            <line number="69" hits="1" />
            <line number="70" hits="1" />
            <line number="71" hits="1" />
            <line number="74" hits="6" />
            <line number="91" hits="2" />
            <line number="92" hits="1" />
            <line number="93" hits="2" />
            <line number="94" hits="2" />
            <line number="95" hits="2" />
            <line number="96" hits="1" />
            <line number="97" hits="1" />
            <line number="98" hits="1" />
            <line number="99" hits="1" />
            <line number="100" hits="1" />
            <line number="101" hits="1" />
            <line number="102" hits="1" />
            <line number="103" hits="1" />
            <line number="104" hits="1" />
            <line number="105" hits="1" />
            <line number="106" hits="1" />
            <line number="107" hits="1" />
            <line number="108" hits="1" />
            <line number="109" hits="1" />
            <line number="111" hits="3" />
            <line number="112" hits="1" />
            <line number="113" hits="1" />
            <line number="114" hits="1" />
            <line number="115" hits="0" />
            <line number="116" hits="0" />
            <line number="121" hits="0" />
            <line number="123" hits="1" />
            <line number="138" hits="1" />
            <line number="139" hits="2" />
            <line number="140" hits="1" />
            <line number="141" hits="2" />
            <line number="142" hits="0" />
            <line number="143" hits="0" />
            <line number="145" hits="2" />
            <line number="146" hits="1" />
            <line number="147" hits="1" />
            <line number="149" hits="2" />
            <line number="151" hits="3" />
            <line number="152" hits="1" />
            <line number="153" hits="2" />
            <line number="154" hits="1" />
            <line number="155" hits="1" />
            <line number="156" hits="1" />
            <line number="157" hits="1" />
            <line number="158" hits="1" />
            <line number="159" hits="1" />
            <line number="160" hits="1" />
            <line number="161" hits="1" />
            <line number="162" hits="1" />
            <line number="163" hits="1" />
            <line number="164" hits="1" />
            <line number="165" hits="1" />
            <line number="166" hits="1" />
            <line number="167" hits="1" />
            <line number="168" hits="1" />
            <line number="170" hits="1" />
            <line number="171" hits="1" />
            <line number="172" hits="3" />
            <line number="173" hits="4" />
            <line number="175" hits="1" />
            <line number="176" hits="1" />
            <line number="177" hits="1" />
            <line number="179" hits="1" />
            <line number="184" hits="1" />
            <line number="185" hits="1" />
            <line number="186" hits="0" />
            <line number="188" hits="1" />
            <line number="193" hits="1" />
            <line number="194" hits="0" />
            <line number="208" hits="0" />
            <line number="223" hits="0" />
            <line number="224" hits="0" />
            <line number="225" hits="0" />
            <line number="226" hits="0" />
            <line number="228" hits="0" />
          </lines>
        </class>
        <class name="Check-DocsLinks.ps1" filename="src/tools/Check-DocsLinks.ps1" line-rate="0.752808988764045" branch-rate="1">
          <methods>
            <method name="Invoke-WithTimeout" signature="()">
              <lines>
                <line number="183" hits="1" />
                <line number="184" hits="2" />
                <line number="185" hits="0" />
                <line number="186" hits="0" />
                <line number="188" hits="1" />
              </lines>
            </method>
            <method name="Match-Any" signature="()">
              <lines>
                <line number="58" hits="1" />
                <line number="60" hits="2" />
                <line number="61" hits="1" />
                <line number="62" hits="1" />
                <line number="63" hits="2" />
                <line number="65" hits="2" />
                <line number="66" hits="2" />
                <line number="67" hits="2" />
                <line number="68" hits="2" />
                <line number="70" hits="1" />
              </lines>
            </method>
            <method name="Test-ValidLabel" signature="()">
              <lines>
                <line number="166" hits="0" />
                <line number="167" hits="0" />
                <line number="168" hits="0" />
              </lines>
            </method>
            <method name="Write-Info" signature="()">
              <lines>
                <line number="72" hits="1" />
              </lines>
            </method>
          </methods>
          <lines>
            <line number="35" hits="1" />
            <line number="36" hits="1" />
            <line number="38" hits="1" />
            <line number="39" hits="1" />
            <line number="41" hits="0" />
            <line number="44" hits="2" />
            <line number="45" hits="0" />
            <line number="46" hits="1" />
            <line number="47" hits="1" />
            <line number="49" hits="1" />
            <line number="50" hits="1" />
            <line number="51" hits="1" />
            <line number="52" hits="0" />
            <line number="54" hits="1" />
            <line number="58" hits="1" />
            <line number="60" hits="2" />
            <line number="61" hits="1" />
            <line number="62" hits="1" />
            <line number="63" hits="2" />
            <line number="65" hits="2" />
            <line number="66" hits="2" />
            <line number="67" hits="2" />
            <line number="68" hits="2" />
            <line number="70" hits="1" />
            <line number="72" hits="1" />
            <line number="74" hits="1" />
            <line number="75" hits="1" />
            <line number="76" hits="1" />
            <line number="77" hits="1" />
            <line number="78" hits="2" />
            <line number="79" hits="1" />
            <line number="80" hits="1" />
            <line number="84" hits="5" />
            <line number="85" hits="1" />
            <line number="86" hits="5" />
            <line number="89" hits="1" />
            <line number="90" hits="2" />
            <line number="91" hits="6" />
            <line number="94" hits="2" />
            <line number="96" hits="1" />
            <line number="97" hits="1" />
            <line number="98" hits="1" />
            <line number="100" hits="1" />
            <line number="101" hits="1" />
            <line number="102" hits="1" />
            <line number="103" hits="1" />
            <line number="104" hits="1" />
            <line number="105" hits="0" />
            <line number="107" hits="0" />
            <line number="108" hits="0" />
            <line number="109" hits="0" />
            <line number="110" hits="0" />
            <line number="111" hits="0" />
            <line number="112" hits="0" />
            <line number="113" hits="0" />
            <line number="114" hits="0" />
            <line number="118" hits="1" />
            <line number="120" hits="2" />
            <line number="121" hits="1" />
            <line number="122" hits="2" />
            <line number="123" hits="2" />
            <line number="124" hits="2" />
            <line number="125" hits="0" />
            <line number="131" hits="1" />
            <line number="132" hits="0" />
            <line number="133" hits="0" />
            <line number="135" hits="1" />
            <line number="136" hits="0" />
            <line number="137" hits="0" />
            <line number="140" hits="1" />
            <line number="141" hits="7" />
            <line number="142" hits="1" />
            <line number="143" hits="2" />
            <line number="144" hits="3" />
            <line number="147" hits="1" />
            <line number="148" hits="4" />
            <line number="149" hits="4" />
            <line number="150" hits="4" />
            <line number="151" hits="2" />
            <line number="154" hits="1" />
            <line number="155" hits="1" />
            <line number="166" hits="0" />
            <line number="167" hits="0" />
            <line number="168" hits="0" />
            <line number="183" hits="1" />
            <line number="184" hits="2" />
            <line number="185" hits="0" />
            <line number="186" hits="0" />
            <line number="188" hits="1" />
          </lines>
        </class>
      </classes>
    </package>
    <package name="tools" line-rate="0.87218045112782" branch-rate="0">
      <classes>
        <class name="Export-SemverBundle.ps1" filename="tools/Export-SemverBundle.ps1" line-rate="0.862385321100917" branch-rate="1">
          <methods>
            <method name="Add-ManifestEntry" signature="()">
              <lines>
                <line number="47" hits="2" />
                <line number="50" hits="1" />
                <line number="51" hits="2" />
                <line number="52" hits="1" />
                <line number="53" hits="1" />
                <line number="54" hits="1" />
                <line number="55" hits="1" />
                <line number="56" hits="1" />
              </lines>
            </method>
            <method name="Get-GitMetadata" signature="()">
              <lines>
                <line number="69" hits="1" />
                <line number="70" hits="2" />
                <line number="71" hits="2" />
              </lines>
            </method>
            <method name="Invoke-Git" signature="()">
              <lines>
                <line number="62" hits="1" />
                <line number="63" hits="1" />
                <line number="64" hits="1" />
                <line number="65" hits="0" />
              </lines>
            </method>
            <method name="Resolve-RepoRoot" signature="()">
              <lines>
                <line number="15" hits="3" />
              </lines>
            </method>
          </methods>
          <lines>
            <line number="11" hits="1" />
            <line number="12" hits="1" />
            <line number="15" hits="3" />
            <line number="18" hits="1" />
            <line number="19" hits="1" />
            <line number="20" hits="1" />
            <line number="21" hits="0" />
            <line number="24" hits="2" />
            <line number="26" hits="1" />
            <line number="27" hits="1" />
            <line number="31" hits="1" />
            <line number="32" hits="1" />
            <line number="33" hits="1" />
            <line number="35" hits="1" />
            <line number="36" hits="1" />
            <line number="39" hits="1" />
            <line number="47" hits="2" />
            <line number="50" hits="1" />
            <line number="51" hits="2" />
            <line number="52" hits="1" />
            <line number="53" hits="1" />
            <line number="54" hits="1" />
            <line number="55" hits="1" />
            <line number="56" hits="1" />
            <line number="62" hits="1" />
            <line number="63" hits="1" />
            <line number="64" hits="1" />
            <line number="65" hits="0" />
            <line number="69" hits="1" />
            <line number="70" hits="2" />
            <line number="71" hits="2" />
            <line number="75" hits="1" />
            <line number="77" hits="1" />
            <line number="78" hits="1" />
            <line number="79" hits="2" />
            <line number="80" hits="0" />
            <line number="82" hits="1" />
            <line number="83" hits="1" />
            <line number="84" hits="2" />
            <line number="85" hits="2" />
            <line number="87" hits="1" />
            <line number="88" hits="1" />
            <line number="91" hits="1" />
            <line number="92" hits="1" />
            <line number="93" hits="1" />
            <line number="94" hits="2" />
            <line number="95" hits="2" />
            <line number="97" hits="1" />
            <line number="116" hits="2" />
            <line number="117" hits="1" />
            <line number="119" hits="1" />
            <line number="120" hits="1" />
            <line number="130" hits="2" />
            <line number="131" hits="1" />
            <line number="134" hits="1" />
            <line number="135" hits="1" />
            <line number="138" hits="1" />
            <line number="155" hits="2" />
            <line number="156" hits="1" />
            <line number="158" hits="1" />
            <line number="159" hits="1" />
            <line number="160" hits="1" />
            <line number="161" hits="2" />
            <line number="162" hits="1" />
            <line number="163" hits="1" />
            <line number="164" hits="1" />
            <line number="165" hits="1" />
            <line number="167" hits="1" />
            <line number="169" hits="3" />
            <line number="171" hits="1" />
            <line number="172" hits="1" />
            <line number="173" hits="0" />
            <line number="174" hits="0" />
            <line number="175" hits="0" />
            <line number="177" hits="0" />
            <line number="180" hits="1" />
            <line number="181" hits="1" />
            <line number="182" hits="1" />
            <line number="183" hits="1" />
            <line number="184" hits="1" />
            <line number="185" hits="2" />
            <line number="186" hits="2" />
            <line number="188" hits="2" />
            <line number="189" hits="1" />
            <line number="191" hits="1" />
            <line number="192" hits="2" />
            <line number="193" hits="1" />
            <line number="194" hits="1" />
            <line number="195" hits="1" />
            <line number="196" hits="2" />
            <line number="197" hits="2" />
            <line number="199" hits="2" />
            <line number="200" hits="1" />
            <line number="203" hits="2" />
            <line number="204" hits="0" />
            <line number="205" hits="0" />
            <line number="206" hits="0" />
            <line number="210" hits="1" />
            <line number="211" hits="1" />
            <line number="212" hits="1" />
            <line number="213" hits="1" />
            <line number="214" hits="1" />
            <line number="216" hits="1" />
            <line number="217" hits="1" />
            <line number="218" hits="0" />
            <line number="219" hits="0" />
            <line number="220" hits="0" />
            <line number="222" hits="0" />
            <line number="223" hits="0" />
          </lines>
        </class>
        <class name="Hash-Artifacts.ps1" filename="tools/Hash-Artifacts.ps1" line-rate="0.928571428571429" branch-rate="1">
          <methods />
          <lines>
            <line number="7" hits="1" />
            <line number="8" hits="1" />
            <line number="10" hits="1" />
            <line number="11" hits="1" />
            <line number="12" hits="1" />
            <line number="13" hits="1" />
            <line number="14" hits="1" />
            <line number="15" hits="1" />
            <line number="16" hits="1" />
            <line number="18" hits="2" />
            <line number="20" hits="0" />
            <line number="23" hits="1" />
            <line number="24" hits="2" />
            <line number="25" hits="1" />
          </lines>
        </class>
        <class name="Validate-Config.ps1" filename="tools/Validate-Config.ps1" line-rate="0.888888888888889" branch-rate="1">
          <methods />
          <lines>
            <line number="4" hits="0" />
            <line number="6" hits="1" />
            <line number="7" hits="2" />
            <line number="8" hits="2" />
            <line number="9" hits="1" />
            <line number="11" hits="2" />
            <line number="13" hits="1" />
            <line number="14" hits="3" />
            <line number="16" hits="2" />
          </lines>
        </class>
        <class name="Validate-Paths.psm1" filename="tools/Validate-Paths.psm1" line-rate="1" branch-rate="1">
          <methods />
          <lines>
            <line number="1" hits="2" />
          </lines>
        </class>
      </classes>
    </package>
  </packages>
</coverage>
